<?xml version="1.0" encoding="UTF-8"?>
<!-- Generated by org.testng.reporters.JUnitXMLReporter -->
<testsuite ignored="0" hostname="Khosruz" failures="0" tests="6" name="Test" time="9.244" errors="0" timestamp="2023-08-12T13:23:21 EDT">
  <testcase classname="com.DHL.CodilityAutomation.FunctionsOfUI" name="validatePageTitle" time="0.011"/>
  <testcase classname="com.DHL.CodilityAutomation.FunctionsOfUI" name="ValidateHompage" time="0.225"/>
  <testcase classname="com.DHL.CodilityAutomation.FunctionsOfUI" name="loginWithEmptyCredentials" time="0.135"/>
  <testcase classname="com.DHL.CodilityAutomation.FunctionsOfUI" name="loginWithValidCredentials" time="0.346"/>
  <testcase classname="com.DHL.CodilityAutomation.FunctionsOfUI" name="loginWithInVaidID" time="0.25"/>
  <testcase classname="com.DHL.CodilityAutomation.FunctionsOfUI" name="loginWithInVaidPassword" time="0.292"/>
</testsuite> <!-- Test -->
