<?xml version="1.0" encoding="UTF-8"?>
<!-- Generated by org.testng.reporters.JUnitXMLReporter -->
<testsuite ignored="0" hostname="Khosruz" failures="0" tests="6" name="Test" time="11.347" errors="0" timestamp="2023-08-12T13:29:41 EDT">
  <testcase classname="com.DHL.CodilityAutomation.FunctionsOfUI" name="validatePageTitle" time="0.016"/>
  <testcase classname="com.DHL.CodilityAutomation.FunctionsOfUI" name="ValidateHompage" time="0.227"/>
  <testcase classname="com.DHL.CodilityAutomation.FunctionsOfUI" name="loginWithEmptyCredentials" time="0.159"/>
  <testcase classname="com.DHL.CodilityAutomation.FunctionsOfUI" name="loginWithValidCredentials" time="0.415"/>
  <testcase classname="com.DHL.CodilityAutomation.FunctionsOfUI" name="loginWithInVaidID" time="0.293"/>
  <testcase classname="com.DHL.CodilityAutomation.FunctionsOfUI" name="loginWithInVaidPassword" time="0.33"/>
</testsuite> <!-- Test -->
