<?xml version="1.0" encoding="UTF-8"?>
<testsuite xmlns:xsi="http://www.w3.org/2001/XMLSchema-instance" xsi:noNamespaceSchemaLocation="https://maven.apache.org/surefire/maven-surefire-plugin/xsd/surefire-test-report-3.0.xsd" version="3.0" name="TestSuite" time="11.898" tests="6" errors="0" skipped="0" failures="0">
  <properties>
[...]
</properties>
  <testcase name="validatePageTitle" classname="com.DHL.CodilityAutomation.FunctionsOfUI" time="0.001">
    <system-err><![CDATA[SLF4J: Failed to load class "org.slf4j.impl.StaticLoggerBinder".
SLF4J: Defaulting to no-operation (NOP) logger implementation
SLF4J: See http://www.slf4j.org/codes.html#StaticLoggerBinder for further details.
Starting ChromeDriver 114.0.5735.90 (386bc09e8f4f2e025eddae123f36f6263096ae49-refs/branch-heads/5735@{#1052}) on port 24740
Only local connections are allowed.
Please see https://chromedriver.chromium.org/security-considerations for suggestions on keeping ChromeDriver safe.
ChromeDriver was started successfully.
[1691861371.301][WARNING]: This version of ChromeDriver has not been tested with Chrome version 115.
Aug 12, 2023 1:29:31 PM org.openqa.selenium.remote.ProtocolHandshake createSession
INFO: Detected dialect: W3C
]]></system-err>
  </testcase>
  <testcase name="ValidateHompage" classname="com.DHL.CodilityAutomation.FunctionsOfUI" time="0.199">
    <system-out><![CDATA[Total Number of Form is : 1
Total number of Elements are availabel include hidden message area is : 5
Entire Login form is properly Displayed!!
Email Input text box is available and Displayed!!
Password Input text box is Available and Displayed!
Login Button is Available and Displayed!
]]></system-out>
    <system-err><![CDATA[Starting ChromeDriver 114.0.5735.90 (386bc09e8f4f2e025eddae123f36f6263096ae49-refs/branch-heads/5735@{#1052}) on port 40500
Only local connections are allowed.
Please see https://chromedriver.chromium.org/security-considerations for suggestions on keeping ChromeDriver safe.
ChromeDriver was started successfully.
[1691861373.045][WARNING]: This version of ChromeDriver has not been tested with Chrome version 115.
Aug 12, 2023 1:29:33 PM org.openqa.selenium.remote.ProtocolHandshake createSession
INFO: Detected dialect: W3C
]]></system-err>
  </testcase>
  <testcase name="loginWithEmptyCredentials" classname="com.DHL.CodilityAutomation.FunctionsOfUI" time="0.141">
    <system-out><![CDATA[Email Field is Empty with this error message: Email is required
Password Field is Empty with this error message: Password is required
]]></system-out>
    <system-err><![CDATA[Starting ChromeDriver 114.0.5735.90 (386bc09e8f4f2e025eddae123f36f6263096ae49-refs/branch-heads/5735@{#1052}) on port 48719
Only local connections are allowed.
Please see https://chromedriver.chromium.org/security-considerations for suggestions on keeping ChromeDriver safe.
ChromeDriver was started successfully.
[1691861374.559][WARNING]: This version of ChromeDriver has not been tested with Chrome version 115.
Aug 12, 2023 1:29:34 PM org.openqa.selenium.remote.ProtocolHandshake createSession
INFO: Detected dialect: W3C
]]></system-err>
  </testcase>
  <testcase name="loginWithValidCredentials" classname="com.DHL.CodilityAutomation.FunctionsOfUI" time="0.374">
    <system-out><![CDATA[Successfully Login Message as : Welcome to Codility
]]></system-out>
    <system-err><![CDATA[Starting ChromeDriver 114.0.5735.90 (386bc09e8f4f2e025eddae123f36f6263096ae49-refs/branch-heads/5735@{#1052}) on port 5025
Only local connections are allowed.
Please see https://chromedriver.chromium.org/security-considerations for suggestions on keeping ChromeDriver safe.
ChromeDriver was started successfully.
[1691861376.036][WARNING]: This version of ChromeDriver has not been tested with Chrome version 115.
Aug 12, 2023 1:29:36 PM org.openqa.selenium.remote.ProtocolHandshake createSession
INFO: Detected dialect: W3C
]]></system-err>
  </testcase>
  <testcase name="loginWithInVaidID" classname="com.DHL.CodilityAutomation.FunctionsOfUI" time="0.277">
    <system-out><![CDATA[Incorrect Email : Enter a valid email
]]></system-out>
    <system-err><![CDATA[Starting ChromeDriver 114.0.5735.90 (386bc09e8f4f2e025eddae123f36f6263096ae49-refs/branch-heads/5735@{#1052}) on port 39204
Only local connections are allowed.
Please see https://chromedriver.chromium.org/security-considerations for suggestions on keeping ChromeDriver safe.
ChromeDriver was started successfully.
[1691861377.958][WARNING]: This version of ChromeDriver has not been tested with Chrome version 115.
Aug 12, 2023 1:29:38 PM org.openqa.selenium.remote.ProtocolHandshake createSession
INFO: Detected dialect: W3C
]]></system-err>
  </testcase>
  <testcase name="loginWithInVaidPassword" classname="com.DHL.CodilityAutomation.FunctionsOfUI" time="0.304">
    <system-out><![CDATA[Incorrect Password : You shall not pass! Arr!
]]></system-out>
    <system-err><![CDATA[Starting ChromeDriver 114.0.5735.90 (386bc09e8f4f2e025eddae123f36f6263096ae49-refs/branch-heads/5735@{#1052}) on port 17093
Only local connections are allowed.
Please see https://chromedriver.chromium.org/security-considerations for suggestions on keeping ChromeDriver safe.
ChromeDriver was started successfully.
[1691861379.853][WARNING]: This version of ChromeDriver has not been tested with Chrome version 115.
Aug 12, 2023 1:29:39 PM org.openqa.selenium.remote.ProtocolHandshake createSession
INFO: Detected dialect: W3C
]]></system-err>
  </testcase>
</testsuite>